<?xml version="1.0" encoding="UTF-8"?>
<testsuite name="com.example.project.protobuf.service.InMemoryRatingStoreTest" tests="1" skipped="0" failures="0" errors="0" timestamp="2022-07-18T14:09:29" hostname="MITESH" time="0.034">
  <properties/>
  <testcase name="add()" classname="com.example.project.protobuf.service.InMemoryRatingStoreTest" time="0.034"/>
  <system-out><![CDATA[]]></system-out>
  <system-err><![CDATA[]]></system-err>
</testsuite>
